# JRE version: OpenJDK Runtime Environment (8.0_152-b02) (build 1.8.0_152-release-1024-b02)
# Java VM: OpenJDK 64-Bit Server VM (25.152-b02 mixed mode windows-amd64 compressed oops)
Heap:
 PSYoungGen      total 432640K, used 296461K [0x00000000e0000000, 0x0000000100000000, 0x0000000100000000)
  eden space 355840K, 65% used [0x00000000e0000000,0x00000000ee402508,0x00000000f5b80000)
  from space 76800K, 82% used [0x00000000f5b80000,0x00000000f9901220,0x00000000fa680000)
  to   space 85504K, 0% used [0x00000000fac80000,0x00000000fac80000,0x0000000100000000)
 ParOldGen       total 238080K, used 178431K [0x00000000a0000000, 0x00000000ae880000, 0x00000000e0000000)
  object space 238080K, 74% used [0x00000000a0000000,0x00000000aae3fcf8,0x00000000ae880000)
 Metaspace       used 108542K, capacity 115396K, committed 115584K, reserved 1150976K
  class space    used 13135K, capacity 14386K, committed 14464K, reserved 1048576K
GC Heap History (10 events):
Event: 17245.291 GC heap before
{Heap before GC invocations=79 (full 6):
 PSYoungGen      total 446464K, used 374408K [0x00000000e0000000, 0x0000000100000000, 0x0000000100000000)
  eden space 367104K, 100% used [0x00000000e0000000,0x00000000f6680000,0x00000000f6680000)
  from space 79360K, 9% used [0x00000000fb280000,0x00000000fb9a2058,0x0000000100000000)
  to   space 77824K, 0% used [0x00000000f6680000,0x00000000f6680000,0x00000000fb280000)
 ParOldGen       total 238080K, used 151450K [0x00000000a0000000, 0x00000000ae880000, 0x00000000e0000000)
  object space 238080K, 63% used [0x00000000a0000000,0x00000000a93e6bb8,0x00000000ae880000)
 Metaspace       used 95291K, capacity 101218K, committed 101376K, reserved 1138688K
  class space    used 11494K, capacity 12492K, committed 12544K, reserved 1048576K
Event: 17245.401 GC heap after
Heap after GC invocations=79 (full 6):
 PSYoungGen      total 430080K, used 62919K [0x00000000e0000000, 0x0000000100000000, 0x0000000100000000)
  eden space 367104K, 0% used [0x00000000e0000000,0x00000000e0000000,0x00000000f6680000)
  from space 62976K, 99% used [0x00000000f6680000,0x00000000fa3f1c40,0x00000000fa400000)
  to   space 86528K, 0% used [0x00000000fab80000,0x00000000fab80000,0x0000000100000000)
 ParOldGen       total 238080K, used 152921K [0x00000000a0000000, 0x00000000ae880000, 0x00000000e0000000)
  object space 238080K, 64% used [0x00000000a0000000,0x00000000a95564e8,0x00000000ae880000)
 Metaspace       used 95291K, capacity 101218K, committed 101376K, reserved 1138688K
  class space    used 11494K, capacity 12492K, committed 12544K, reserved 1048576K
}
Event: 17249.259 GC heap before
{Heap before GC invocations=80 (full 6):
 PSYoungGen      total 430080K, used 430023K [0x00000000e0000000, 0x0000000100000000, 0x0000000100000000)
  eden space 367104K, 100% used [0x00000000e0000000,0x00000000f6680000,0x00000000f6680000)
  from space 62976K, 99% used [0x00000000f6680000,0x00000000fa3f1c40,0x00000000fa400000)
  to   space 86528K, 0% used [0x00000000fab80000,0x00000000fab80000,0x0000000100000000)
 ParOldGen       total 238080K, used 152921K [0x00000000a0000000, 0x00000000ae880000, 0x00000000e0000000)
  object space 238080K, 64% used [0x00000000a0000000,0x00000000a95564e8,0x00000000ae880000)
 Metaspace       used 95296K, capacity 101218K, committed 101376K, reserved 1138688K
  class space    used 11494K, capacity 12492K, committed 12544K, reserved 1048576K
Event: 17249.298 GC heap after
Heap after GC invocations=80 (full 6):
 PSYoungGen      total 440832K, used 15728K [0x00000000e0000000, 0x0000000100000000, 0x0000000100000000)
  eden space 354304K, 0% used [0x00000000e0000000,0x00000000e0000000,0x00000000f5a00000)
  from space 86528K, 18% used [0x00000000fab80000,0x00000000fbadc1e0,0x0000000100000000)
  to   space 83456K, 0% used [0x00000000f5a00000,0x00000000f5a00000,0x00000000fab80000)
 ParOldGen       total 238080K, used 157122K [0x00000000a0000000, 0x00000000ae880000, 0x00000000e0000000)
  object space 238080K, 65% used [0x00000000a0000000,0x00000000a9970870,0x00000000ae880000)
 Metaspace       used 95296K, capacity 101218K, committed 101376K, reserved 1138688K
  class space    used 11494K, capacity 12492K, committed 12544K, reserved 1048576K
}
Event: 18722.942 GC heap before
{Heap before GC invocations=81 (full 6):
 PSYoungGen      total 440832K, used 370032K [0x00000000e0000000, 0x0000000100000000, 0x0000000100000000)
  eden space 354304K, 100% used [0x00000000e0000000,0x00000000f5a00000,0x00000000f5a00000)
  from space 86528K, 18% used [0x00000000fab80000,0x00000000fbadc1e0,0x0000000100000000)
  to   space 83456K, 0% used [0x00000000f5a00000,0x00000000f5a00000,0x00000000fab80000)
 ParOldGen       total 238080K, used 157122K [0x00000000a0000000, 0x00000000ae880000, 0x00000000e0000000)
  object space 238080K, 65% used [0x00000000a0000000,0x00000000a9970870,0x00000000ae880000)
 Metaspace       used 104726K, capacity 111346K, committed 111488K, reserved 1146880K
  class space    used 12763K, capacity 13945K, committed 13952K, reserved 1048576K
Event: 18723.074 GC heap after
Heap after GC invocations=81 (full 6):
 PSYoungGen      total 384000K, used 29406K [0x00000000e0000000, 0x00000000ff300000, 0x0000000100000000)
  eden space 354304K, 0% used [0x00000000e0000000,0x00000000e0000000,0x00000000f5a00000)
  from space 29696K, 99% used [0x00000000f5a00000,0x00000000f76b7830,0x00000000f7700000)
  to   space 78336K, 0% used [0x00000000fa680000,0x00000000fa680000,0x00000000ff300000)
 ParOldGen       total 238080K, used 158535K [0x00000000a0000000, 0x00000000ae880000, 0x00000000e0000000)
  object space 238080K, 66% used [0x00000000a0000000,0x00000000a9ad1c88,0x00000000ae880000)
 Metaspace       used 104726K, capacity 111346K, committed 111488K, reserved 1146880K
  class space    used 12763K, capacity 13945K, committed 13952K, reserved 1048576K
}
Event: 19164.352 GC heap before
{Heap before GC invocations=82 (full 6):
 PSYoungGen      total 384000K, used 383710K [0x00000000e0000000, 0x00000000ff300000, 0x0000000100000000)
  eden space 354304K, 100% used [0x00000000e0000000,0x00000000f5a00000,0x00000000f5a00000)
  from space 29696K, 99% used [0x00000000f5a00000,0x00000000f76b7830,0x00000000f7700000)
  to   space 78336K, 0% used [0x00000000fa680000,0x00000000fa680000,0x00000000ff300000)
 ParOldGen       total 238080K, used 158535K [0x00000000a0000000, 0x00000000ae880000, 0x00000000e0000000)
  object space 238080K, 66% used [0x00000000a0000000,0x00000000a9ad1c88,0x00000000ae880000)
 Metaspace       used 107303K, capacity 113948K, committed 114048K, reserved 1148928K
  class space    used 13015K, capacity 14194K, committed 14208K, reserved 1048576K
Event: 19164.433 GC heap after
Heap after GC invocations=82 (full 6):
 PSYoungGen      total 434176K, used 7136K [0x00000000e0000000, 0x0000000100000000, 0x0000000100000000)
  eden space 355840K, 0% used [0x00000000e0000000,0x00000000e0000000,0x00000000f5b80000)
  from space 78336K, 9% used [0x00000000fa680000,0x00000000fad78050,0x00000000ff300000)
  to   space 76800K, 0% used [0x00000000f5b80000,0x00000000f5b80000,0x00000000fa680000)
 ParOldGen       total 238080K, used 178423K [0x00000000a0000000, 0x00000000ae880000, 0x00000000e0000000)
  object space 238080K, 74% used [0x00000000a0000000,0x00000000aae3dcf8,0x00000000ae880000)
 Metaspace       used 107303K, capacity 113948K, committed 114048K, reserved 1148928K
  class space    used 13015K, capacity 14194K, committed 14208K, reserved 1048576K
}
Event: 19174.118 GC heap before
{Heap before GC invocations=83 (full 6):
 PSYoungGen      total 434176K, used 362976K [0x00000000e0000000, 0x0000000100000000, 0x0000000100000000)
  eden space 355840K, 100% used [0x00000000e0000000,0x00000000f5b80000,0x00000000f5b80000)
  from space 78336K, 9% used [0x00000000fa680000,0x00000000fad78050,0x00000000ff300000)
  to   space 76800K, 0% used [0x00000000f5b80000,0x00000000f5b80000,0x00000000fa680000)
 ParOldGen       total 238080K, used 178423K [0x00000000a0000000, 0x00000000ae880000, 0x00000000e0000000)
  object space 238080K, 74% used [0x00000000a0000000,0x00000000aae3dcf8,0x00000000ae880000)
 Metaspace       used 107998K, capacity 114670K, committed 114944K, reserved 1150976K
  class space    used 13082K, capacity 14267K, committed 14336K, reserved 1048576K
Event: 19174.252 GC heap after
Heap after GC invocations=83 (full 6):
 PSYoungGen      total 432640K, used 62980K [0x00000000e0000000, 0x0000000100000000, 0x0000000100000000)
  eden space 355840K, 0% used [0x00000000e0000000,0x00000000e0000000,0x00000000f5b80000)
  from space 76800K, 82% used [0x00000000f5b80000,0x00000000f9901220,0x00000000fa680000)
  to   space 85504K, 0% used [0x00000000fac80000,0x00000000fac80000,0x0000000100000000)
 ParOldGen       total 238080K, used 178431K [0x00000000a0000000, 0x00000000ae880000, 0x00000000e0000000)
  object space 238080K, 74% used [0x00000000a0000000,0x00000000aae3fcf8,0x00000000ae880000)
 Metaspace       used 107998K, capacity 114670K, committed 114944K, reserved 1150976K
  class space    used 13082K, capacity 14267K, committed 14336K, reserved 1048576K
}

