# JRE version: OpenJDK Runtime Environment (8.0_152-b02) (build 1.8.0_152-release-1024-b02)
# Java VM: OpenJDK 64-Bit Server VM (25.152-b02 mixed mode windows-amd64 compressed oops)
Heap:
 PSYoungGen      total 49664K, used 4596K [0x00000000e0000000, 0x00000000e3800000, 0x0000000100000000)
  eden space 48640K, 7% used [0x00000000e0000000,0x00000000e037f290,0x00000000e2f80000)
  from space 1024K, 99% used [0x00000000e3380000,0x00000000e347e010,0x00000000e3480000)
  to   space 4096K, 0% used [0x00000000e2f80000,0x00000000e2f80000,0x00000000e3380000)
 ParOldGen       total 65536K, used 7857K [0x00000000a0000000, 0x00000000a4000000, 0x00000000e0000000)
  object space 65536K, 11% used [0x00000000a0000000,0x00000000a07ac468,0x00000000a4000000)
 Metaspace       used 14635K, capacity 15074K, committed 15232K, reserved 1062912K
  class space    used 2036K, capacity 2159K, committed 2176K, reserved 1048576K
GC Heap History (8 events):
Event: 0.925 GC heap before
{Heap before GC invocations=1 (full 0):
 PSYoungGen      total 28672K, used 24576K [0x00000000e0000000, 0x00000000e2000000, 0x0000000100000000)
  eden space 24576K, 100% used [0x00000000e0000000,0x00000000e1800000,0x00000000e1800000)
  from space 4096K, 0% used [0x00000000e1c00000,0x00000000e1c00000,0x00000000e2000000)
  to   space 4096K, 0% used [0x00000000e1800000,0x00000000e1800000,0x00000000e1c00000)
 ParOldGen       total 65536K, used 0K [0x00000000a0000000, 0x00000000a4000000, 0x00000000e0000000)
  object space 65536K, 0% used [0x00000000a0000000,0x00000000a0000000,0x00000000a4000000)
 Metaspace       used 6904K, capacity 7128K, committed 7424K, reserved 1056768K
  class space    used 844K, capacity 909K, committed 1024K, reserved 1048576K
Event: 0.935 GC heap after
Heap after GC invocations=1 (full 0):
 PSYoungGen      total 28672K, used 4091K [0x00000000e0000000, 0x00000000e3800000, 0x0000000100000000)
  eden space 24576K, 0% used [0x00000000e0000000,0x00000000e0000000,0x00000000e1800000)
  from space 4096K, 99% used [0x00000000e1800000,0x00000000e1bfefc0,0x00000000e1c00000)
  to   space 4096K, 0% used [0x00000000e3400000,0x00000000e3400000,0x00000000e3800000)
 ParOldGen       total 65536K, used 262K [0x00000000a0000000, 0x00000000a4000000, 0x00000000e0000000)
  object space 65536K, 0% used [0x00000000a0000000,0x00000000a0041918,0x00000000a4000000)
 Metaspace       used 6904K, capacity 7128K, committed 7424K, reserved 1056768K
  class space    used 844K, capacity 909K, committed 1024K, reserved 1048576K
}
Event: 1.658 GC heap before
{Heap before GC invocations=2 (full 0):
 PSYoungGen      total 28672K, used 28667K [0x00000000e0000000, 0x00000000e3800000, 0x0000000100000000)
  eden space 24576K, 100% used [0x00000000e0000000,0x00000000e1800000,0x00000000e1800000)
  from space 4096K, 99% used [0x00000000e1800000,0x00000000e1bfefc0,0x00000000e1c00000)
  to   space 4096K, 0% used [0x00000000e3400000,0x00000000e3400000,0x00000000e3800000)
 ParOldGen       total 65536K, used 262K [0x00000000a0000000, 0x00000000a4000000, 0x00000000e0000000)
  object space 65536K, 0% used [0x00000000a0000000,0x00000000a0041918,0x00000000a4000000)
 Metaspace       used 7249K, capacity 7538K, committed 7680K, reserved 1056768K
  class space    used 904K, capacity 982K, committed 1024K, reserved 1048576K
Event: 1.663 GC heap after
Heap after GC invocations=2 (full 0):
 PSYoungGen      total 28160K, used 3274K [0x00000000e0000000, 0x00000000e3780000, 0x0000000100000000)
  eden space 24576K, 0% used [0x00000000e0000000,0x00000000e0000000,0x00000000e1800000)
  from space 3584K, 91% used [0x00000000e3400000,0x00000000e3732848,0x00000000e3780000)
  to   space 4096K, 0% used [0x00000000e2f80000,0x00000000e2f80000,0x00000000e3380000)
 ParOldGen       total 65536K, used 270K [0x00000000a0000000, 0x00000000a4000000, 0x00000000e0000000)
  object space 65536K, 0% used [0x00000000a0000000,0x00000000a0043918,0x00000000a4000000)
 Metaspace       used 7249K, capacity 7538K, committed 7680K, reserved 1056768K
  class space    used 904K, capacity 982K, committed 1024K, reserved 1048576K
}
Event: 3.322 GC heap before
{Heap before GC invocations=3 (full 0):
 PSYoungGen      total 28160K, used 27850K [0x00000000e0000000, 0x00000000e3780000, 0x0000000100000000)
  eden space 24576K, 100% used [0x00000000e0000000,0x00000000e1800000,0x00000000e1800000)
  from space 3584K, 91% used [0x00000000e3400000,0x00000000e3732848,0x00000000e3780000)
  to   space 4096K, 0% used [0x00000000e2f80000,0x00000000e2f80000,0x00000000e3380000)
 ParOldGen       total 65536K, used 270K [0x00000000a0000000, 0x00000000a4000000, 0x00000000e0000000)
  object space 65536K, 0% used [0x00000000a0000000,0x00000000a0043918,0x00000000a4000000)
 Metaspace       used 12338K, capacity 12702K, committed 12800K, reserved 1060864K
  class space    used 1638K, capacity 1773K, committed 1792K, reserved 1048576K
Event: 3.330 GC heap after
Heap after GC invocations=3 (full 0):
 PSYoungGen      total 28672K, used 4064K [0x00000000e0000000, 0x00000000e3480000, 0x0000000100000000)
  eden space 24576K, 0% used [0x00000000e0000000,0x00000000e0000000,0x00000000e1800000)
  from space 4096K, 99% used [0x00000000e2f80000,0x00000000e3378050,0x00000000e3380000)
  to   space 1024K, 0% used [0x00000000e3380000,0x00000000e3380000,0x00000000e3480000)
 ParOldGen       total 65536K, used 2277K [0x00000000a0000000, 0x00000000a4000000, 0x00000000e0000000)
  object space 65536K, 3% used [0x00000000a0000000,0x00000000a0239528,0x00000000a4000000)
 Metaspace       used 12338K, capacity 12702K, committed 12800K, reserved 1060864K
  class space    used 1638K, capacity 1773K, committed 1792K, reserved 1048576K
}
Event: 3.663 GC heap before
{Heap before GC invocations=4 (full 0):
 PSYoungGen      total 28672K, used 28640K [0x00000000e0000000, 0x00000000e3480000, 0x0000000100000000)
  eden space 24576K, 100% used [0x00000000e0000000,0x00000000e1800000,0x00000000e1800000)
  from space 4096K, 99% used [0x00000000e2f80000,0x00000000e3378050,0x00000000e3380000)
  to   space 1024K, 0% used [0x00000000e3380000,0x00000000e3380000,0x00000000e3480000)
 ParOldGen       total 65536K, used 2277K [0x00000000a0000000, 0x00000000a4000000, 0x00000000e0000000)
  object space 65536K, 3% used [0x00000000a0000000,0x00000000a0239528,0x00000000a4000000)
 Metaspace       used 14294K, capacity 14658K, committed 14720K, reserved 1062912K
  class space    used 1981K, capacity 2127K, committed 2176K, reserved 1048576K
Event: 3.674 GC heap after
Heap after GC invocations=4 (full 0):
 PSYoungGen      total 49664K, used 1016K [0x00000000e0000000, 0x00000000e3800000, 0x0000000100000000)
  eden space 48640K, 0% used [0x00000000e0000000,0x00000000e0000000,0x00000000e2f80000)
  from space 1024K, 99% used [0x00000000e3380000,0x00000000e347e010,0x00000000e3480000)
  to   space 4096K, 0% used [0x00000000e2f80000,0x00000000e2f80000,0x00000000e3380000)
 ParOldGen       total 65536K, used 7857K [0x00000000a0000000, 0x00000000a4000000, 0x00000000e0000000)
  object space 65536K, 11% used [0x00000000a0000000,0x00000000a07ac468,0x00000000a4000000)
 Metaspace       used 14294K, capacity 14658K, committed 14720K, reserved 1062912K
  class space    used 1981K, capacity 2127K, committed 2176K, reserved 1048576K
}

